<?xml version="1.0" encoding="UTF-8"?>
<robot generator="Robot 6.0.2 (Python 3.10.6 on linux)" generated="20230227 15:04:34.090" rpa="false" schemaversion="3">
<suite id="s1" name="Cart" source="/home/victor/workspace/react/react-ecommerce/test-automation/cart.robot">
<test id="s1-t1" name="User checks if the cart is empty" line="19">
<kw name="Open Browser" library="Selenium2Library">
<arg>${URL}</arg>
<arg>${browser}</arg>
<doc>Opens a new browser instance to the optional ``url``.</doc>
<msg timestamp="20230227 15:04:34.226" level="INFO">Opening browser 'chrome' to base url 'http://localhost:3000/'.</msg>
<status status="PASS" starttime="20230227 15:04:34.222" endtime="20230227 15:04:36.021"/>
</kw>
<kw name="Maximize Browser Window" library="Selenium2Library">
<doc>Maximizes current browser window.</doc>
<status status="PASS" starttime="20230227 15:04:36.021" endtime="20230227 15:04:36.186"/>
</kw>
<kw name="Wait Until Element Is Visible" library="Selenium2Library">
<arg>${nav_cart_button}</arg>
<doc>Waits until the element ``locator`` is visible.</doc>
<status status="PASS" starttime="20230227 15:04:36.186" endtime="20230227 15:04:36.259"/>
</kw>
<kw name="Click Element" library="Selenium2Library">
<arg>${nav_cart_button}</arg>
<doc>Click the element identified by ``locator``.</doc>
<msg timestamp="20230227 15:04:36.260" level="INFO">Clicking element 'xpath=//*[@data-test="nav-cart"]'.</msg>
<status status="PASS" starttime="20230227 15:04:36.260" endtime="20230227 15:04:36.381"/>
</kw>
<kw name="Wait Until Element Is Visible" library="Selenium2Library">
<arg>${cart_enpty}</arg>
<doc>Waits until the element ``locator`` is visible.</doc>
<status status="PASS" starttime="20230227 15:04:36.382" endtime="20230227 15:04:36.427"/>
</kw>
<kw name="Sleep" library="BuiltIn">
<arg>1s</arg>
<doc>Pauses the test executed for the given time.</doc>
<msg timestamp="20230227 15:04:37.428" level="INFO">Slept 1 second</msg>
<status status="PASS" starttime="20230227 15:04:36.427" endtime="20230227 15:04:37.429"/>
</kw>
<kw name="Get Location" library="Selenium2Library">
<var>${current}</var>
<doc>Returns the current browser window URL.</doc>
<msg timestamp="20230227 15:04:37.433" level="INFO">${current} = http://localhost:3000/cart</msg>
<status status="PASS" starttime="20230227 15:04:37.429" endtime="20230227 15:04:37.433"/>
</kw>
<kw name="Should Be Equal" library="BuiltIn">
<arg>${current}</arg>
<arg>${url_cart}</arg>
<doc>Fails if the given objects are unequal.</doc>
<status status="PASS" starttime="20230227 15:04:37.434" endtime="20230227 15:04:37.434"/>
</kw>
<kw name="Sleep" library="BuiltIn">
<arg>2s</arg>
<doc>Pauses the test executed for the given time.</doc>
<msg timestamp="20230227 15:04:39.444" level="INFO">Slept 2 seconds</msg>
<status status="PASS" starttime="20230227 15:04:37.435" endtime="20230227 15:04:39.444"/>
</kw>
<kw name="Close Browser" library="Selenium2Library">
<doc>Closes the current browser.</doc>
<status status="PASS" starttime="20230227 15:04:39.444" endtime="20230227 15:04:39.556"/>
</kw>
<doc>The user can check the cart</doc>
<timeout value="1 minute"/>
<status status="PASS" starttime="20230227 15:04:34.221" endtime="20230227 15:04:39.556"/>
</test>
<test id="s1-t2" name="User adds a product into cart" line="32">
<kw name="Open Browser" library="Selenium2Library">
<arg>${URL}</arg>
<arg>${browser}</arg>
<doc>Opens a new browser instance to the optional ``url``.</doc>
<msg timestamp="20230227 15:04:39.558" level="INFO">Opening browser 'chrome' to base url 'http://localhost:3000/'.</msg>
<status status="PASS" starttime="20230227 15:04:39.557" endtime="20230227 15:04:41.727"/>
</kw>
<kw name="Maximize Browser Window" library="Selenium2Library">
<doc>Maximizes current browser window.</doc>
<status status="PASS" starttime="20230227 15:04:41.727" endtime="20230227 15:04:41.924"/>
</kw>
<kw name="Wait Until Element Is Visible" library="Selenium2Library">
<arg>${nav_cart_button}</arg>
<doc>Waits until the element ``locator`` is visible.</doc>
<status status="PASS" starttime="20230227 15:04:41.925" endtime="20230227 15:04:42.003"/>
</kw>
<kw name="Click Element" library="Selenium2Library">
<arg>${nav_product_button}</arg>
<doc>Click the element identified by ``locator``.</doc>
<msg timestamp="20230227 15:04:42.003" level="INFO">Clicking element 'xpath=//*[@data-test="nav-product"]'.</msg>
<status status="PASS" starttime="20230227 15:04:42.003" endtime="20230227 15:04:42.114"/>
</kw>
<kw name="Get Location" library="Selenium2Library">
<var>${current}</var>
<doc>Returns the current browser window URL.</doc>
<msg timestamp="20230227 15:04:42.125" level="INFO">${current} = http://localhost:3000/product</msg>
<status status="PASS" starttime="20230227 15:04:42.114" endtime="20230227 15:04:42.125"/>
</kw>
<kw name="Should Be Equal" library="BuiltIn">
<arg>${current}</arg>
<arg>${url_product}</arg>
<doc>Fails if the given objects are unequal.</doc>
<status status="PASS" starttime="20230227 15:04:42.126" endtime="20230227 15:04:42.128"/>
</kw>
<kw name="Wait Until Element Is Visible" library="Selenium2Library">
<arg>${buton_add_cart}</arg>
<arg>1m</arg>
<doc>Waits until the element ``locator`` is visible.</doc>
<status status="PASS" starttime="20230227 15:04:42.128" endtime="20230227 15:04:42.777"/>
</kw>
<kw name="Wait Until Page Contains Element" library="Selenium2Library">
<arg>${buton_add_cart}</arg>
<arg>10s</arg>
<doc>Waits until the element ``locator`` appears on the current page.</doc>
<status status="PASS" starttime="20230227 15:04:42.778" endtime="20230227 15:04:42.796"/>
</kw>
<kw name="Scroll Element Into View" library="Selenium2Library">
<arg>${buton_add_cart}</arg>
<doc>Scrolls the element identified by ``locator`` into view.</doc>
<status status="PASS" starttime="20230227 15:04:42.796" endtime="20230227 15:04:43.074"/>
</kw>
<kw name="Sleep" library="BuiltIn">
<arg>1s</arg>
<doc>Pauses the test executed for the given time.</doc>
<msg timestamp="20230227 15:04:44.079" level="INFO">Slept 1 second</msg>
<status status="PASS" starttime="20230227 15:04:43.075" endtime="20230227 15:04:44.080"/>
</kw>
<kw name="Click Element" library="Selenium2Library">
<arg>${buton_add_cart}</arg>
<doc>Click the element identified by ``locator``.</doc>
<msg timestamp="20230227 15:04:44.086" level="INFO">Clicking element 'xpath=//*[@data-test="btn-add-cart"]'.</msg>
<status status="PASS" starttime="20230227 15:04:44.081" endtime="20230227 15:04:44.151"/>
</kw>
<kw name="Sleep" library="BuiltIn">
<arg>1s</arg>
<doc>Pauses the test executed for the given time.</doc>
<msg timestamp="20230227 15:04:45.153" level="INFO">Slept 1 second</msg>
<status status="PASS" starttime="20230227 15:04:44.152" endtime="20230227 15:04:45.153"/>
</kw>
<kw name="Click Element" library="Selenium2Library">
<arg>${nav_cart_button}</arg>
<doc>Click the element identified by ``locator``.</doc>
<msg timestamp="20230227 15:04:45.154" level="INFO">Clicking element 'xpath=//*[@data-test="nav-cart"]'.</msg>
<status status="PASS" starttime="20230227 15:04:45.153" endtime="20230227 15:04:45.217"/>
</kw>
<kw name="Wait Until Element Is Visible" library="Selenium2Library">
<arg>${label_cart}</arg>
<doc>Waits until the element ``locator`` is visible.</doc>
<status status="PASS" starttime="20230227 15:04:45.217" endtime="20230227 15:04:45.254"/>
</kw>
<kw name="Sleep" library="BuiltIn">
<arg>2s</arg>
<doc>Pauses the test executed for the given time.</doc>
<msg timestamp="20230227 15:04:47.256" level="INFO">Slept 2 seconds</msg>
<status status="PASS" starttime="20230227 15:04:45.254" endtime="20230227 15:04:47.256"/>
</kw>
<kw name="Close Browser" library="Selenium2Library">
<doc>Closes the current browser.</doc>
<status status="PASS" starttime="20230227 15:04:47.257" endtime="20230227 15:04:47.371"/>
</kw>
<doc>The user can add a product into cart</doc>
<timeout value="1 minute"/>
<status status="PASS" starttime="20230227 15:04:39.557" endtime="20230227 15:04:47.371"/>
</test>
<test id="s1-t3" name="User checkouts the purchase" line="51">
<kw name="Open Browser" library="Selenium2Library">
<arg>${URL}</arg>
<arg>${browser}</arg>
<doc>Opens a new browser instance to the optional ``url``.</doc>
<msg timestamp="20230227 15:04:47.374" level="INFO">Opening browser 'chrome' to base url 'http://localhost:3000/'.</msg>
<status status="PASS" starttime="20230227 15:04:47.373" endtime="20230227 15:04:49.083"/>
</kw>
<kw name="Maximize Browser Window" library="Selenium2Library">
<doc>Maximizes current browser window.</doc>
<status status="PASS" starttime="20230227 15:04:49.083" endtime="20230227 15:04:49.256"/>
</kw>
<kw name="Wait Until Element Is Visible" library="Selenium2Library">
<arg>${nav_cart_button}</arg>
<doc>Waits until the element ``locator`` is visible.</doc>
<status status="PASS" starttime="20230227 15:04:49.256" endtime="20230227 15:04:49.315"/>
</kw>
<kw name="Click Element" library="Selenium2Library">
<arg>${nav_product_button}</arg>
<doc>Click the element identified by ``locator``.</doc>
<msg timestamp="20230227 15:04:49.316" level="INFO">Clicking element 'xpath=//*[@data-test="nav-product"]'.</msg>
<status status="PASS" starttime="20230227 15:04:49.315" endtime="20230227 15:04:49.411"/>
</kw>
<kw name="Get Location" library="Selenium2Library">
<var>${current}</var>
<doc>Returns the current browser window URL.</doc>
<msg timestamp="20230227 15:04:49.455" level="INFO">${current} = http://localhost:3000/product</msg>
<status status="PASS" starttime="20230227 15:04:49.411" endtime="20230227 15:04:49.455"/>
</kw>
<kw name="Should Be Equal" library="BuiltIn">
<arg>${current}</arg>
<arg>${url_product}</arg>
<doc>Fails if the given objects are unequal.</doc>
<status status="PASS" starttime="20230227 15:04:49.455" endtime="20230227 15:04:49.455"/>
</kw>
<kw name="Wait Until Element Is Visible" library="Selenium2Library">
<arg>${buton_add_cart}</arg>
<arg>1m</arg>
<doc>Waits until the element ``locator`` is visible.</doc>
<status status="PASS" starttime="20230227 15:04:49.455" endtime="20230227 15:04:57.805"/>
</kw>
<kw name="Wait Until Page Contains Element" library="Selenium2Library">
<arg>${buton_add_cart}</arg>
<arg>10s</arg>
<doc>Waits until the element ``locator`` appears on the current page.</doc>
<status status="PASS" starttime="20230227 15:04:57.805" endtime="20230227 15:04:57.831"/>
</kw>
<kw name="Scroll Element Into View" library="Selenium2Library">
<arg>${buton_add_cart}</arg>
<doc>Scrolls the element identified by ``locator`` into view.</doc>
<status status="PASS" starttime="20230227 15:04:57.831" endtime="20230227 15:04:58.113"/>
</kw>
<kw name="Sleep" library="BuiltIn">
<arg>1s</arg>
<doc>Pauses the test executed for the given time.</doc>
<msg timestamp="20230227 15:04:59.114" level="INFO">Slept 1 second</msg>
<status status="PASS" starttime="20230227 15:04:58.113" endtime="20230227 15:04:59.114"/>
</kw>
<kw name="Click Element" library="Selenium2Library">
<arg>${buton_add_cart}</arg>
<doc>Click the element identified by ``locator``.</doc>
<msg timestamp="20230227 15:04:59.115" level="INFO">Clicking element 'xpath=//*[@data-test="btn-add-cart"]'.</msg>
<status status="PASS" starttime="20230227 15:04:59.114" endtime="20230227 15:04:59.169"/>
</kw>
<kw name="Sleep" library="BuiltIn">
<arg>1s</arg>
<doc>Pauses the test executed for the given time.</doc>
<msg timestamp="20230227 15:05:00.175" level="INFO">Slept 1 second</msg>
<status status="PASS" starttime="20230227 15:04:59.173" endtime="20230227 15:05:00.175"/>
</kw>
<kw name="Click Element" library="Selenium2Library">
<arg>${nav_cart_button}</arg>
<doc>Click the element identified by ``locator``.</doc>
<msg timestamp="20230227 15:05:00.179" level="INFO">Clicking element 'xpath=//*[@data-test="nav-cart"]'.</msg>
<status status="PASS" starttime="20230227 15:05:00.177" endtime="20230227 15:05:00.275"/>
</kw>
<kw name="Wait Until Element Is Visible" library="Selenium2Library">
<arg>${label_cart}</arg>
<doc>Waits until the element ``locator`` is visible.</doc>
<status status="PASS" starttime="20230227 15:05:00.275" endtime="20230227 15:05:00.302"/>
</kw>
<kw name="Sleep" library="BuiltIn">
<arg>1s</arg>
<doc>Pauses the test executed for the given time.</doc>
<msg timestamp="20230227 15:05:01.304" level="INFO">Slept 1 second</msg>
<status status="PASS" starttime="20230227 15:05:00.303" endtime="20230227 15:05:01.305"/>
</kw>
<kw name="Wait Until Element Is Visible" library="Selenium2Library">
<arg>${link_checkout}</arg>
<doc>Waits until the element ``locator`` is visible.</doc>
<status status="PASS" starttime="20230227 15:05:01.307" endtime="20230227 15:05:01.333"/>
</kw>
<kw name="Click Element" library="Selenium2Library">
<arg>${link_checkout}</arg>
<doc>Click the element identified by ``locator``.</doc>
<msg timestamp="20230227 15:05:01.334" level="INFO">Clicking element 'xpath=//*[@data-test="link-checkout"]'.</msg>
<status status="PASS" starttime="20230227 15:05:01.333" endtime="20230227 15:05:01.475"/>
</kw>
<kw name="Sleep" library="BuiltIn">
<arg>2s</arg>
<doc>Pauses the test executed for the given time.</doc>
<msg timestamp="20230227 15:05:03.477" level="INFO">Slept 2 seconds</msg>
<status status="PASS" starttime="20230227 15:05:01.476" endtime="20230227 15:05:03.477"/>
</kw>
<kw name="Close Browser" library="Selenium2Library">
<doc>Closes the current browser.</doc>
<status status="PASS" starttime="20230227 15:05:03.477" endtime="20230227 15:05:03.556"/>
</kw>
<doc>User checkouts the purchase</doc>
<timeout value="1 minute"/>
<status status="PASS" starttime="20230227 15:04:47.372" endtime="20230227 15:05:03.556"/>
</test>
<doc>Cart test</doc>
<status status="PASS" starttime="20230227 15:04:34.092" endtime="20230227 15:05:03.557"/>
</suite>
<statistics>
<total>
<stat pass="3" fail="0" skip="0">All Tests</stat>
</total>
<tag>
</tag>
<suite>
<stat pass="3" fail="0" skip="0" id="s1" name="Cart">Cart</stat>
</suite>
</statistics>
<errors>
</errors>
</robot>
